<?xml version="1.0" encoding="UTF-8"?>
<!-- Generated by org.testng.reporters.JUnitReportReporter -->
<testsuite hostname="Yashvants-Mac-mini.local" failures="0" tests="1" name="DemoTests.TestOne" time="3.988" errors="0" timestamp="2025-06-02T12:33:04 IST" skipped="0">
  <testcase classname="DemoTests.TestOne" name="checkRestApis" time="3.988"/>
</testsuite> <!-- DemoTests.TestOne -->
