<?xml version="1.0" encoding="UTF-8"?>
<!-- Generated by org.testng.reporters.JUnitReportReporter -->
<testsuite hostname="Vishals-Mac-mini.local" failures="0" tests="4" name="Test_login.test1" time="87.729" errors="0" timestamp="2023-02-22T11:28:09 IST" skipped="0">
  <testcase classname="Test_login.test1" name="verify_log_in_invalid" time="28.707"/>
  <system-out/>
  <testcase classname="Test_login.test1" name="verify_log_in_invalid" time="12.038"/>
  <system-out/>
  <testcase classname="Test_login.test1" name="verify_log_in" time="15.351"/>
  <system-out/>
  <testcase classname="Test_login.test1" name="verify_log_in" time="31.633"/>
  <system-out/>
</testsuite> <!-- Test_login.test1 -->
